<?xml version="1.0" encoding="UTF-8"?>
<robot generator="Robot 7.1 (Python 3.12.6 on darwin)" generated="2025-09-29T19:45:45.971079" rpa="false" schemaversion="5">
<suite id="s1" name="Transfer" source="/Users/mark/Desktop/WorkSpace/gyros/movilbot/transfer.robot">
<kw name="BeforeSuite" owner="Base" type="SETUP">
<kw name="Detect And Validate Connected Device" owner="Base">
<kw name="Log" owner="BuiltIn">
<msg time="2025-09-29T19:45:46.029057" level="INFO">====================================================</msg>
<arg>====================================================</arg>
<arg>CONSOLE</arg>
<doc>Logs the given message with the given level.</doc>
<status status="PASS" start="2025-09-29T19:45:46.028983" elapsed="0.000102"/>
</kw>
<kw name="Log" owner="BuiltIn">
<msg time="2025-09-29T19:45:46.029199" level="INFO">🚀 INICIANDO DETECCIÓN DE DISPOSITIVO</msg>
<arg>🚀 INICIANDO DETECCIÓN DE DISPOSITIVO</arg>
<arg>CONSOLE</arg>
<doc>Logs the given message with the given level.</doc>
<status status="PASS" start="2025-09-29T19:45:46.029146" elapsed="0.000072"/>
</kw>
<kw name="Log" owner="BuiltIn">
<msg time="2025-09-29T19:45:46.029306" level="INFO">====================================================</msg>
<arg>====================================================</arg>
<arg>CONSOLE</arg>
<doc>Logs the given message with the given level.</doc>
<status status="PASS" start="2025-09-29T19:45:46.029262" elapsed="0.000060"/>
</kw>
<kw name="Log" owner="BuiltIn">
<msg time="2025-09-29T19:45:46.029398" level="INFO">📱 Paso 1: Detectando dispositivo USB conectado...</msg>
<arg>📱 Paso 1: Detectando dispositivo USB conectado...</arg>
<arg>CONSOLE</arg>
<doc>Logs the given message with the given level.</doc>
<status status="PASS" start="2025-09-29T19:45:46.029360" elapsed="0.000052"/>
</kw>
<kw name="Get Connected Device Id" owner="Utility">
<msg time="2025-09-29T19:45:46.043056" level="INFO">============================================================
🔍 INICIANDO DETECCIÓN DE DISPOSITIVOS USB
============================================================
📱 Ejecutando comando: adb devices
📤 Salida del comando ADB:
   Return code: 0
   Stdout: 'List of devices attached\nNBA34BOAC5036471\tdevice\n\n'
📋 Analizando 2 líneas de salida:
   Línea 0: 'List of devices attached'
   Línea 1: 'NBA34BOAC5036471	device'

🔎 Buscando dispositivos conectados:
   Procesando línea 1: 'NBA34BOAC5036471	device'
   ✅ Dispositivo encontrado: 'NBA34BOAC5036471'

📊 RESUMEN DE DETECCIÓN:
   Total dispositivos encontrados: 1
   Dispositivo 1: NBA34BOAC5036471

🎯 DISPOSITIVO SELECCIONADO: NBA34BOAC5036471
============================================================</msg>
<msg time="2025-09-29T19:45:46.043272" level="INFO">${detected_device_id} = NBA34BOAC5036471</msg>
<var>${detected_device_id}</var>
<doc>Obtiene el device_id del primer dispositivo Android conectado via USB usando ADB.</doc>
<status status="PASS" start="2025-09-29T19:45:46.029471" elapsed="0.013819"/>
</kw>
<kw name="Log" owner="BuiltIn">
<msg time="2025-09-29T19:45:46.043749" level="INFO">📋 Paso 2: Configurando variables globales...</msg>
<arg>📋 Paso 2: Configurando variables globales...</arg>
<arg>CONSOLE</arg>
<doc>Logs the given message with the given level.</doc>
<status status="PASS" start="2025-09-29T19:45:46.043537" elapsed="0.000230"/>
</kw>
<kw name="Log" owner="BuiltIn">
<msg time="2025-09-29T19:45:46.043896" level="INFO">🔹 DEVICE_UDID configurado como: NBA34BOAC5036471</msg>
<arg>🔹 DEVICE_UDID configurado como: ${detected_device_id}</arg>
<arg>CONSOLE</arg>
<doc>Logs the given message with the given level.</doc>
<status status="PASS" start="2025-09-29T19:45:46.043810" elapsed="0.000104"/>
</kw>
<kw name="Log" owner="BuiltIn">
<msg time="2025-09-29T19:45:46.044016" level="INFO">🔹 DEVICE_NAME configurado como: NBA34BOAC5036471</msg>
<arg>🔹 DEVICE_NAME configurado como: ${detected_device_id}</arg>
<arg>CONSOLE</arg>
<doc>Logs the given message with the given level.</doc>
<status status="PASS" start="2025-09-29T19:45:46.043956" elapsed="0.000078"/>
</kw>
<kw name="Set Global Variable" owner="BuiltIn">
<msg time="2025-09-29T19:45:46.044215" level="INFO">${DEVICE_UDID} = NBA34BOAC5036471</msg>
<arg>${DEVICE_UDID}</arg>
<arg>${detected_device_id}</arg>
<doc>Makes a variable available globally in all tests and suites.</doc>
<status status="PASS" start="2025-09-29T19:45:46.044107" elapsed="0.000123"/>
</kw>
<kw name="Set Global Variable" owner="BuiltIn">
<msg time="2025-09-29T19:45:46.044329" level="INFO">${DEVICE_NAME} = NBA34BOAC5036471</msg>
<arg>${DEVICE_NAME}</arg>
<arg>${detected_device_id}</arg>
<doc>Makes a variable available globally in all tests and suites.</doc>
<status status="PASS" start="2025-09-29T19:45:46.044269" elapsed="0.000072"/>
</kw>
<kw name="Log" owner="BuiltIn">
<msg time="2025-09-29T19:45:46.044411" level="INFO">🔍 Paso 3: Validando conexión del dispositivo...</msg>
<arg>🔍 Paso 3: Validando conexión del dispositivo...</arg>
<arg>CONSOLE</arg>
<doc>Logs the given message with the given level.</doc>
<status status="PASS" start="2025-09-29T19:45:46.044376" elapsed="0.000052"/>
</kw>
<kw name="Validate Device Connection" owner="Utility">
<msg time="2025-09-29T19:45:46.056449" level="INFO">🔍 VALIDANDO CONEXIÓN DEL DISPOSITIVO: NBA34BOAC5036471
--------------------------------------------------
📱 Ejecutando comando: adb -s NBA34BOAC5036471 get-state
📤 Resultado del comando:
   Return code: 0
   Estado reportado: 'device'
✅ VALIDACIÓN EXITOSA
   Dispositivo NBA34BOAC5036471 está en estado 'device' y listo para usar
--------------------------------------------------</msg>
<arg>${DEVICE_UDID}</arg>
<doc>Valida que el dispositivo especificado esté conectado y accesible.</doc>
<status status="PASS" start="2025-09-29T19:45:46.044466" elapsed="0.012114"/>
</kw>
<kw name="Log" owner="BuiltIn">
<msg time="2025-09-29T19:45:46.056985" level="INFO">📊 Paso 4: Obteniendo información detallada...</msg>
<arg>📊 Paso 4: Obteniendo información detallada...</arg>
<arg>CONSOLE</arg>
<doc>Logs the given message with the given level.</doc>
<status status="PASS" start="2025-09-29T19:45:46.056801" elapsed="0.000204"/>
</kw>
<kw name="Get Device Info" owner="Utility">
<msg time="2025-09-29T19:45:46.330154" level="INFO">📋 OBTENIENDO INFORMACIÓN DETALLADA DEL DISPOSITIVO: NBA34BOAC5036471
============================================================
🔍 Consultando propiedades del dispositivo:

   📱 Obteniendo Modelo (getprop ro.product.model)...
      Return code: 0
      Salida raw: ''ZTE Blade A34\n''
      ✅ Modelo: ZTE Blade A34

   📱 Obteniendo Versión Android (getprop ro.build.version.release)...
      Return code: 0
      Salida raw: ''13\n''
      ✅ Versión Android: 13

   📱 Obteniendo Marca (getprop ro.product.brand)...
      Return code: 0
      Salida raw: ''ZTE\n''
      ✅ Marca: ZTE

   📱 Obteniendo Fabricante (getprop ro.product.manufacturer)...
      Return code: 0
      Salida raw: ''ZTE\n''
      ✅ Fabricante: ZTE

   📱 Obteniendo API Level (getprop ro.build.version.sdk)...
      Return code: 0
      Salida raw: ''33\n''
      ✅ API Level: 33

📊 RESUMEN COMPLETO DEL DISPOSITIVO:
============================================================
🔹 Device ID:      NBA34BOAC5036471
🔹 Marca:          ZTE
🔹 Fabricante:     ZTE
🔹 Modelo:         ZTE Blade A34
🔹 Android:        13
🔹 API Level:      33
============================================================</msg>
<msg time="2025-09-29T19:45:46.330440" level="INFO">${device_info} = {'device_id': 'NBA34BOAC5036471', 'model': 'ZTE Blade A34', 'android_version': '13', 'brand': 'ZTE', 'manufacturer': 'ZTE', 'api_level': '33'}</msg>
<var>${device_info}</var>
<arg>${DEVICE_UDID}</arg>
<doc>Obtiene información detallada del dispositivo especificado.</doc>
<status status="PASS" start="2025-09-29T19:45:46.057058" elapsed="0.273406"/>
</kw>
<kw name="Log" owner="BuiltIn">
<msg time="2025-09-29T19:45:46.331016" level="INFO">====================================================</msg>
<arg>====================================================</arg>
<arg>CONSOLE</arg>
<doc>Logs the given message with the given level.</doc>
<status status="PASS" start="2025-09-29T19:45:46.330768" elapsed="0.000276"/>
</kw>
<kw name="Log" owner="BuiltIn">
<msg time="2025-09-29T19:45:46.331281" level="INFO">✅ DETECCIÓN COMPLETADA EXITOSAMENTE</msg>
<arg>✅ DETECCIÓN COMPLETADA EXITOSAMENTE</arg>
<arg>CONSOLE</arg>
<doc>Logs the given message with the given level.</doc>
<status status="PASS" start="2025-09-29T19:45:46.331197" elapsed="0.000110"/>
</kw>
<kw name="Log" owner="BuiltIn">
<msg time="2025-09-29T19:45:46.331479" level="INFO">🎯 Dispositivo listo: NBA34BOAC5036471</msg>
<arg>🎯 Dispositivo listo: ${DEVICE_UDID}</arg>
<arg>CONSOLE</arg>
<doc>Logs the given message with the given level.</doc>
<status status="PASS" start="2025-09-29T19:45:46.331371" elapsed="0.000131"/>
</kw>
<kw name="Log" owner="BuiltIn">
<msg time="2025-09-29T19:45:46.331628" level="INFO">====================================================</msg>
<arg>====================================================</arg>
<arg>CONSOLE</arg>
<doc>Logs the given message with the given level.</doc>
<status status="PASS" start="2025-09-29T19:45:46.331561" elapsed="0.000344"/>
</kw>
<doc>Detecta automáticamente el dispositivo Android conectado por USB y valida la conexión</doc>
<status status="PASS" start="2025-09-29T19:45:46.028739" elapsed="0.303246"/>
</kw>
<kw name="Start Appium Server" owner="AppiumManager">
<msg time="2025-09-29T19:45:51.340834" level="INFO">Starting Appium Server with args : -p 4723</msg>
<arg>${APPIUM-PORT}</arg>
<status status="PASS" start="2025-09-29T19:45:46.332049" elapsed="5.009765"/>
</kw>
<kw name="Open Uni Movil Plus App" owner="AppHelper">
<kw name="Open Application" owner="AppiumLibrary">
<arg>http://localhost:${APPIUM-PORT}</arg>
<arg>platformName=Android</arg>
<arg>platformVersion=${PLATFORM_VERSION}</arg>
<arg>deviceName=${DEVICE_NAME}</arg>
<arg>automationName=uiautomator2</arg>
<arg>appPackage=com.bancounion.unimovilplus</arg>
<arg>appActivity=com.bancounion.unimovil.activity.SplashActivity</arg>
<doc>Opens a new application to given Appium server.
Capabilities of appium server, Android and iOS,
Please check https://appium.io/docs/en/2.1/cli/args/
| *Option*            | *Man.* | *Description*     |
| remote_url          | Yes    | Appium server url |
| alias               | no     | alias             |
| strict_ssl          | No     | allows you to send commands to an invalid certificate host like a self-signed one. |</doc>
<status status="PASS" start="2025-09-29T19:45:51.345420" elapsed="8.657986"/>
</kw>
<arg>${APPIUM-PORT}</arg>
<arg>${DEVICE_UDID}</arg>
<arg>${DEVICE_NAME}</arg>
<arg>${PLATFORM_VERSION}</arg>
<status status="PASS" start="2025-09-29T19:45:51.343657" elapsed="8.659945"/>
</kw>
<arg>GIROS_PAGO_DEVOLUCION</arg>
<status status="PASS" start="2025-09-29T19:45:46.028573" elapsed="13.975105"/>
</kw>
<test id="s1-t1" name="GirosPagosDevolucionesClientes" line="22">
<kw name="BeforeTest" owner="Base" type="SETUP">
<kw name="Launch Uni Movil Plus" owner="AppHelper">
<kw name="Activate Application" owner="AppiumLibrary">
<arg>com.bancounion.unimovilplus</arg>
<doc>Activates the application if it is not running or is running in the background.
Args:
 - app_id - BundleId for iOS. Package name for Android.</doc>
<status status="PASS" start="2025-09-29T19:46:00.005146" elapsed="0.272756"/>
</kw>
<kw name="Wait Until Element Is Visible" owner="AppiumLibrary">
<msg time="2025-09-29T19:46:06.474723" level="INFO">xpath criteria: //android.widget.Button[@resource-id="com.bancounion.unimovilplus:id/" and @text="OK"]
xpath criteria: //android.widget.Button[@resource-id="com.bancounion.unimovilplus:id/" and @text="OK"]</msg>
<arg>${PERMISO}</arg>
<doc>Waits until element specified with `locator` is visible.</doc>
<status status="PASS" start="2025-09-29T19:46:00.278056" elapsed="6.196793"/>
</kw>
<kw name="Click Element" owner="AppiumLibrary">
<msg time="2025-09-29T19:46:06.476494" level="INFO">Clicking element '//android.widget.Button[@resource-id="com.bancounion.unimovilplus:id/" and @text="OK"]'.</msg>
<msg time="2025-09-29T19:46:06.902260" level="INFO">xpath criteria: //android.widget.Button[@resource-id="com.bancounion.unimovilplus:id/" and @text="OK"]</msg>
<arg>${PERMISO}</arg>
<doc>Click element identified by `locator`.</doc>
<status status="PASS" start="2025-09-29T19:46:06.475105" elapsed="0.427293"/>
</kw>
<kw name="Wait Until Element Is Visible" owner="AppiumLibrary">
<msg time="2025-09-29T19:46:08.863577" level="INFO">xpath criteria: //android.widget.Button[@resource-id="com.android.permissioncontroller:id/permission_allow_button"]
xpath criteria: //android.widget.Button[@resource-id="com.android.permissioncontroller:id/permission_allow_button"]</msg>
<arg>${PERMITIR}</arg>
<doc>Waits until element specified with `locator` is visible.</doc>
<status status="PASS" start="2025-09-29T19:46:06.902701" elapsed="1.960930"/>
</kw>
<kw name="Click Element" owner="AppiumLibrary">
<msg time="2025-09-29T19:46:08.864568" level="INFO">Clicking element '//android.widget.Button[@resource-id="com.android.permissioncontroller:id/permission_allow_button"]'.</msg>
<msg time="2025-09-29T19:46:09.131949" level="INFO">xpath criteria: //android.widget.Button[@resource-id="com.android.permissioncontroller:id/permission_allow_button"]</msg>
<arg>${PERMITIR}</arg>
<doc>Click element identified by `locator`.</doc>
<status status="PASS" start="2025-09-29T19:46:08.863735" elapsed="0.268371"/>
</kw>
<kw name="Wait Until Element Is Visible" owner="AppiumLibrary">
<msg time="2025-09-29T19:46:10.414366" level="INFO">xpath criteria: //android.widget.EditText[@resource-id="com.bancounion.unimovilplus:id/"]</msg>
<arg>${INGRESE_USUARIO}</arg>
<doc>Waits until element specified with `locator` is visible.</doc>
<status status="PASS" start="2025-09-29T19:46:09.132447" elapsed="1.282075"/>
</kw>
<status status="PASS" start="2025-09-29T19:46:00.004920" elapsed="10.409754"/>
</kw>
<status status="PASS" start="2025-09-29T19:46:00.004587" elapsed="10.410150"/>
</kw>
<kw name="Log" owner="BuiltIn">
<msg time="2025-09-29T19:46:10.415524" level="INFO">🚀 INICIAMOS SCRIPT GIROS_PAGO_DEVOLUCION</msg>
<arg>🚀 INICIAMOS SCRIPT GIROS_PAGO_DEVOLUCION</arg>
<arg>CONSOLE</arg>
<doc>Logs the given message with the given level.</doc>
<status status="PASS" start="2025-09-29T19:46:10.415081" elapsed="0.000504"/>
</kw>
<kw name="Log" owner="BuiltIn">
<msg time="2025-09-29T19:46:10.415873" level="INFO">=========================================</msg>
<arg>=========================================</arg>
<arg>CONSOLE</arg>
<doc>Logs the given message with the given level.</doc>
<status status="PASS" start="2025-09-29T19:46:10.415730" elapsed="0.000186"/>
</kw>
<kw name="Log" owner="BuiltIn">
<msg time="2025-09-29T19:46:10.416150" level="INFO">==========================================</msg>
<arg>==========================================</arg>
<arg>CONSOLE</arg>
<doc>Logs the given message with the given level.</doc>
<status status="PASS" start="2025-09-29T19:46:10.416033" elapsed="0.000156"/>
</kw>
<kw name="Log" owner="BuiltIn">
<msg time="2025-09-29T19:46:10.416402" level="INFO">🧪 INICIANDO : Giros Pagos Devoluciones</msg>
<arg>🧪 INICIANDO : Giros Pagos Devoluciones</arg>
<arg>CONSOLE</arg>
<doc>Logs the given message with the given level.</doc>
<status status="PASS" start="2025-09-29T19:46:10.416299" elapsed="0.000142"/>
</kw>
<kw name="Log" owner="BuiltIn">
<msg time="2025-09-29T19:46:10.416670" level="INFO">==========================================</msg>
<arg>==========================================</arg>
<arg>CONSOLE</arg>
<doc>Logs the given message with the given level.</doc>
<status status="PASS" start="2025-09-29T19:46:10.416551" elapsed="0.000160"/>
</kw>
<kw name="Log" owner="BuiltIn">
<msg time="2025-09-29T19:46:10.416936" level="INFO">🔍 Verificando configuración del dispositivo...</msg>
<arg>🔍 Verificando configuración del dispositivo...</arg>
<arg>CONSOLE</arg>
<doc>Logs the given message with the given level.</doc>
<status status="PASS" start="2025-09-29T19:46:10.416818" elapsed="0.000158"/>
</kw>
<kw name="Log" owner="BuiltIn">
<msg time="2025-09-29T19:46:10.417616" level="INFO">📱 Device UDID: NBA34BOAC5036471</msg>
<arg>📱 Device UDID: ${DEVICE_UDID}</arg>
<arg>CONSOLE</arg>
<doc>Logs the given message with the given level.</doc>
<status status="PASS" start="2025-09-29T19:46:10.417079" elapsed="0.000584"/>
</kw>
<kw name="Log" owner="BuiltIn">
<msg time="2025-09-29T19:46:10.417974" level="INFO">📱 Device NAME: NBA34BOAC5036471</msg>
<arg>📱 Device NAME: ${DEVICE_NAME}</arg>
<arg>CONSOLE</arg>
<doc>Logs the given message with the given level.</doc>
<status status="PASS" start="2025-09-29T19:46:10.417783" elapsed="0.000657"/>
</kw>
<kw name="Should Not Be Empty" owner="BuiltIn">
<msg time="2025-09-29T19:46:10.418823" level="INFO">Length is 16.</msg>
<arg>${DEVICE_UDID}</arg>
<arg>msg=Device ID no puede estar vacío</arg>
<doc>Verifies that the given item is not empty.</doc>
<status status="PASS" start="2025-09-29T19:46:10.418576" elapsed="0.000288"/>
</kw>
<kw name="Log" owner="BuiltIn">
<msg time="2025-09-29T19:46:10.419047" level="INFO">✅ Dispositivo válido confirmado</msg>
<arg>✅ Dispositivo válido confirmado</arg>
<arg>CONSOLE</arg>
<doc>Logs the given message with the given level.</doc>
<status status="PASS" start="2025-09-29T19:46:10.418956" elapsed="0.000127"/>
</kw>
<kw name="Should Not Be Empty" owner="BuiltIn">
<msg time="2025-09-29T19:46:10.419295" level="INFO">Length is 8.</msg>
<arg>${usuario}</arg>
<arg>msg=Variable 'usuario' es requerida. Use: -v usuario:valor</arg>
<doc>Verifies that the given item is not empty.</doc>
<status status="PASS" start="2025-09-29T19:46:10.419169" elapsed="0.000157"/>
</kw>
<kw name="Should Not Be Empty" owner="BuiltIn">
<msg time="2025-09-29T19:46:10.419521" level="INFO">Length is 11.</msg>
<arg>${password}</arg>
<arg>msg=Variable 'password' es requerida. Use: -v password:valor</arg>
<doc>Verifies that the given item is not empty.</doc>
<status status="PASS" start="2025-09-29T19:46:10.419410" elapsed="0.000141"/>
</kw>
<kw name="Should Not Be Empty" owner="BuiltIn">
<msg time="2025-09-29T19:46:10.419737" level="INFO">Length is 1.</msg>
<arg>${bs}</arg>
<arg>msg=Variable 'bs' es requerida. Use: -v bs:valor</arg>
<doc>Verifies that the given item is not empty.</doc>
<status status="PASS" start="2025-09-29T19:46:10.419633" elapsed="0.000135"/>
</kw>
<kw name="Should Not Be Empty" owner="BuiltIn">
<msg time="2025-09-29T19:46:10.419964" level="INFO">Length is 12.</msg>
<arg>${glosa}</arg>
<arg>msg=Variable 'glosa' es requerida. Use: -v glosa:valor</arg>
<doc>Verifies that the given item is not empty.</doc>
<status status="PASS" start="2025-09-29T19:46:10.419855" elapsed="0.000139"/>
</kw>
<kw name="Log" owner="BuiltIn">
<msg time="2025-09-29T19:46:10.420187" level="INFO">🔹 Usuario: 3136202m</msg>
<arg>🔹 Usuario: ${usuario}</arg>
<arg>CONSOLE</arg>
<doc>Logs the given message with the given level.</doc>
<status status="PASS" start="2025-09-29T19:46:10.420079" elapsed="0.000139"/>
</kw>
<kw name="Log" owner="BuiltIn">
<msg time="2025-09-29T19:46:10.420391" level="INFO">🔹 Password:</msg>
<arg>🔹 Password:</arg>
<arg>CONSOLE</arg>
<doc>Logs the given message with the given level.</doc>
<status status="PASS" start="2025-09-29T19:46:10.420304" elapsed="0.000120"/>
</kw>
<kw name="Log" owner="BuiltIn">
<msg time="2025-09-29T19:46:10.420617" level="INFO">🔹 Bs: 1</msg>
<arg>🔹 Bs: ${bs}</arg>
<arg>CONSOLE</arg>
<doc>Logs the given message with the given level.</doc>
<status status="PASS" start="2025-09-29T19:46:10.420509" elapsed="0.000138"/>
</kw>
<kw name="Log" owner="BuiltIn">
<msg time="2025-09-29T19:46:10.420836" level="INFO">🔹 Glosa: 290920251945</msg>
<arg>🔹 Glosa: ${glosa}</arg>
<arg>CONSOLE</arg>
<doc>Logs the given message with the given level.</doc>
<status status="PASS" start="2025-09-29T19:46:10.420731" elapsed="0.000138"/>
</kw>
<kw name="Log" owner="BuiltIn">
<msg time="2025-09-29T19:46:10.421413" level="INFO">🚀 Iniciando Giros en dispositivo NBA34BOAC5036471...</msg>
<arg>🚀 Iniciando Giros en dispositivo ${DEVICE_UDID}...</arg>
<arg>CONSOLE</arg>
<doc>Logs the given message with the given level.</doc>
<status status="PASS" start="2025-09-29T19:46:10.420957" elapsed="0.000537"/>
</kw>
<kw name="Pago Devolucion" owner="PagoDevolucionHelper">
<kw name="LoginPage.Enter_usuario" owner="LoginPage">
<kw name="Wait Until Element Is Visible" owner="AppiumLibrary">
<msg time="2025-09-29T19:46:10.868342" level="INFO">xpath criteria: //android.widget.EditText[@resource-id="com.bancounion.unimovilplus:id/"]</msg>
<arg>${USUARIO_TEXT_BOX}</arg>
<doc>Waits until element specified with `locator` is visible.</doc>
<status status="PASS" start="2025-09-29T19:46:10.422525" elapsed="0.445869"/>
</kw>
<kw name="Input Text" owner="AppiumLibrary">
<msg time="2025-09-29T19:46:10.869361" level="INFO">Typing text '3136202m' into text field '//android.widget.EditText[@resource-id="com.bancounion.unimovilplus:id/"]'</msg>
<msg time="2025-09-29T19:46:11.894088" level="INFO">xpath criteria: //android.widget.EditText[@resource-id="com.bancounion.unimovilplus:id/"]</msg>
<arg>${USUARIO_TEXT_BOX}</arg>
<arg>${USUARIO}</arg>
<doc>Types the given `text` into text field identified by `locator`.</doc>
<status status="PASS" start="2025-09-29T19:46:10.868508" elapsed="1.025682"/>
</kw>
<arg>${USUARIO}</arg>
<status status="PASS" start="2025-09-29T19:46:10.422279" elapsed="1.472020"/>
</kw>
<kw name="LoginPage.Click_Iniciar_Sesion_Btn" owner="LoginPage">
<kw name="Wait Until Element Is Visible" owner="AppiumLibrary">
<msg time="2025-09-29T19:46:12.825397" level="INFO">xpath criteria: //android.widget.Button[@resource-id="com.bancounion.unimovilplus:id/"]</msg>
<arg>${INICIAR_SESION}</arg>
<doc>Waits until element specified with `locator` is visible.</doc>
<status status="PASS" start="2025-09-29T19:46:11.894963" elapsed="0.930545"/>
</kw>
<kw name="Click Element" owner="AppiumLibrary">
<msg time="2025-09-29T19:46:12.826952" level="INFO">Clicking element '//android.widget.Button[@resource-id="com.bancounion.unimovilplus:id/"]'.</msg>
<msg time="2025-09-29T19:46:13.320662" level="INFO">xpath criteria: //android.widget.Button[@resource-id="com.bancounion.unimovilplus:id/"]</msg>
<arg>${INICIAR_SESION}</arg>
<doc>Click element identified by `locator`.</doc>
<status status="PASS" start="2025-09-29T19:46:12.825752" elapsed="0.494961"/>
</kw>
<status status="PASS" start="2025-09-29T19:46:11.894572" elapsed="1.426189"/>
</kw>
<kw name="Sleep" owner="BuiltIn">
<msg time="2025-09-29T19:46:14.321149" level="INFO">Slept 1 second.</msg>
<arg>1s</arg>
<doc>Pauses the test executed for the given time.</doc>
<status status="PASS" start="2025-09-29T19:46:13.320845" elapsed="1.000376"/>
</kw>
<kw name="LoginPage.Click_Permitir_Notificacion" owner="LoginPage">
<kw name="Wait Until Element Is Visible" owner="AppiumLibrary">
<msg time="2025-09-29T19:46:16.905428" level="INFO">xpath criteria: //android.widget.Button[@resource-id="com.android.permissioncontroller:id/permission_allow_button"]
xpath criteria: //android.widget.Button[@resource-id="com.android.permissioncontroller:id/permission_allow_button"]</msg>
<arg>${PERMITIRnot}</arg>
<doc>Waits until element specified with `locator` is visible.</doc>
<status status="PASS" start="2025-09-29T19:46:14.321544" elapsed="2.584029"/>
</kw>
<kw name="Click Element" owner="AppiumLibrary">
<msg time="2025-09-29T19:46:16.907960" level="INFO">Clicking element '//android.widget.Button[@resource-id="com.android.permissioncontroller:id/permission_allow_button"]'.</msg>
<msg time="2025-09-29T19:46:17.204033" level="INFO">xpath criteria: //android.widget.Button[@resource-id="com.android.permissioncontroller:id/permission_allow_button"]</msg>
<arg>${PERMITIRnot}</arg>
<doc>Click element identified by `locator`.</doc>
<status status="PASS" start="2025-09-29T19:46:16.905876" elapsed="0.298372"/>
</kw>
<status status="PASS" start="2025-09-29T19:46:14.321379" elapsed="2.883150"/>
</kw>
<kw name="Sleep" owner="BuiltIn">
<msg time="2025-09-29T19:46:18.207014" level="INFO">Slept 1 second.</msg>
<arg>1s</arg>
<doc>Pauses the test executed for the given time.</doc>
<status status="PASS" start="2025-09-29T19:46:17.204960" elapsed="1.002147"/>
</kw>
<kw name="LoginPage.CheckBox_Ok" owner="LoginPage">
<kw name="Wait Until Element Is Visible" owner="AppiumLibrary">
<msg time="2025-09-29T19:46:18.535427" level="INFO">xpath criteria: //android.widget.CheckBox[@resource-id="com.bancounion.unimovilplus:id/"]</msg>
<arg>${FRASE}</arg>
<doc>Waits until element specified with `locator` is visible.</doc>
<status status="PASS" start="2025-09-29T19:46:18.207540" elapsed="0.328013"/>
</kw>
<kw name="Click Element" owner="AppiumLibrary">
<msg time="2025-09-29T19:46:18.537519" level="INFO">Clicking element '//android.widget.CheckBox[@resource-id="com.bancounion.unimovilplus:id/"]'.</msg>
<msg time="2025-09-29T19:46:18.897663" level="INFO">xpath criteria: //android.widget.CheckBox[@resource-id="com.bancounion.unimovilplus:id/"]</msg>
<arg>${FRASE}</arg>
<doc>Click element identified by `locator`.</doc>
<status status="PASS" start="2025-09-29T19:46:18.535804" elapsed="0.361933"/>
</kw>
<status status="PASS" start="2025-09-29T19:46:18.207359" elapsed="0.690753"/>
</kw>
<kw name="Sleep" owner="BuiltIn">
<msg time="2025-09-29T19:46:19.900327" level="INFO">Slept 1 second.</msg>
<arg>1s</arg>
<doc>Pauses the test executed for the given time.</doc>
<status status="PASS" start="2025-09-29T19:46:18.898223" elapsed="1.002190"/>
</kw>
<kw name="LoginPage.Enter_password" owner="LoginPage">
<kw name="Wait Until Element Is Visible" owner="AppiumLibrary">
<msg time="2025-09-29T19:46:20.346761" level="INFO">xpath criteria: //android.widget.EditText[@resource-id="com.bancounion.unimovilplus:id/"]</msg>
<arg>${PASSWORD_TEXT_BOX}</arg>
<doc>Waits until element specified with `locator` is visible.</doc>
<status status="PASS" start="2025-09-29T19:46:19.900832" elapsed="0.446155"/>
</kw>
<kw name="Input Text" owner="AppiumLibrary">
<msg time="2025-09-29T19:46:20.350348" level="INFO">Typing text 'Andres2013.' into text field '//android.widget.EditText[@resource-id="com.bancounion.unimovilplus:id/"]'</msg>
<msg time="2025-09-29T19:46:21.205722" level="INFO">xpath criteria: //android.widget.EditText[@resource-id="com.bancounion.unimovilplus:id/"]</msg>
<arg>${PASSWORD_TEXT_BOX}</arg>
<arg>${PASSWORD}</arg>
<doc>Types the given `text` into text field identified by `locator`.</doc>
<status status="PASS" start="2025-09-29T19:46:20.347827" elapsed="0.858250"/>
</kw>
<arg>${PASSWORD}</arg>
<status status="PASS" start="2025-09-29T19:46:19.900606" elapsed="1.305815"/>
</kw>
<kw name="Sleep" owner="BuiltIn">
<msg time="2025-09-29T19:46:22.209130" level="INFO">Slept 1 second.</msg>
<arg>1s</arg>
<doc>Pauses the test executed for the given time.</doc>
<status status="PASS" start="2025-09-29T19:46:21.207018" elapsed="1.002634"/>
</kw>
<kw name="LoginPage.Click_Btn_Inicio" owner="LoginPage">
<kw name="Wait Until Element Is Visible" owner="AppiumLibrary">
<msg time="2025-09-29T19:46:22.527054" level="INFO">xpath criteria: //android.widget.Button[@resource-id="com.bancounion.unimovilplus:id/" and @text="INICIAR SESIÓN"]</msg>
<arg>${BOTON_INICIO}</arg>
<doc>Waits until element specified with `locator` is visible.</doc>
<status status="PASS" start="2025-09-29T19:46:22.211830" elapsed="0.315289"/>
</kw>
<kw name="Click Element" owner="AppiumLibrary">
<msg time="2025-09-29T19:46:22.528278" level="INFO">Clicking element '//android.widget.Button[@resource-id="com.bancounion.unimovilplus:id/" and @text="INICIAR SESIÓN"]'.</msg>
<msg time="2025-09-29T19:46:22.892395" level="INFO">xpath criteria: //android.widget.Button[@resource-id="com.bancounion.unimovilplus:id/" and @text="INICIAR SESIÓN"]</msg>
<arg>${BOTON_INICIO}</arg>
<doc>Click element identified by `locator`.</doc>
<status status="PASS" start="2025-09-29T19:46:22.527249" elapsed="0.365254"/>
</kw>
<status status="PASS" start="2025-09-29T19:46:22.210798" elapsed="0.681827"/>
</kw>
<kw name="Sleep" owner="BuiltIn">
<msg time="2025-09-29T19:46:23.893563" level="INFO">Slept 1 second.</msg>
<arg>1s</arg>
<doc>Pauses the test executed for the given time.</doc>
<status status="PASS" start="2025-09-29T19:46:22.892805" elapsed="1.001286"/>
</kw>
<kw name="Sleep" owner="BuiltIn">
<msg time="2025-09-29T19:46:28.896908" level="INFO">Slept 5 seconds.</msg>
<arg>5s</arg>
<doc>Pauses the test executed for the given time.</doc>
<status status="PASS" start="2025-09-29T19:46:23.894883" elapsed="5.002551"/>
</kw>
<kw name="HomePage.Click_Off" owner="HomePage">
<kw name="Wait Until Element Is Visible" owner="AppiumLibrary">
<msg time="2025-09-29T19:46:31.294524" level="INFO">xpath criteria: //android.widget.ImageView[@resource-id="com.bancounion.unimovilplus:id/"][2]</msg>
<arg>${OFF}</arg>
<doc>Waits until element specified with `locator` is visible.</doc>
<status status="PASS" start="2025-09-29T19:46:28.899569" elapsed="2.395298"/>
</kw>
<kw name="Click Element" owner="AppiumLibrary">
<msg time="2025-09-29T19:46:31.299739" level="INFO">Clicking element '//android.widget.ImageView[@resource-id="com.bancounion.unimovilplus:id/"][2]'.</msg>
<msg time="2025-09-29T19:46:33.103112" level="INFO">xpath criteria: //android.widget.ImageView[@resource-id="com.bancounion.unimovilplus:id/"][2]</msg>
<arg>${OFF}</arg>
<doc>Click element identified by `locator`.</doc>
<status status="PASS" start="2025-09-29T19:46:31.295585" elapsed="1.807922"/>
</kw>
<status status="PASS" start="2025-09-29T19:46:28.898558" elapsed="4.205254"/>
</kw>
<arg>${usuario}</arg>
<arg>${password}</arg>
<arg>${bs}</arg>
<arg>${glosa}</arg>
<status status="PASS" start="2025-09-29T19:46:10.421796" elapsed="22.682128"/>
</kw>
<kw name="Log" owner="BuiltIn">
<msg time="2025-09-29T19:46:33.105127" level="INFO">✅ SCRIPT COMPLETADO EXITOSAMENTE</msg>
<arg>✅ SCRIPT COMPLETADO EXITOSAMENTE</arg>
<arg>CONSOLE</arg>
<doc>Logs the given message with the given level.</doc>
<status status="PASS" start="2025-09-29T19:46:33.104534" elapsed="0.000755"/>
</kw>
<kw name="Log" owner="BuiltIn">
<msg time="2025-09-29T19:46:33.105922" level="INFO">=========================================</msg>
<arg>=========================================</arg>
<arg>CONSOLE</arg>
<doc>Logs the given message with the given level.</doc>
<status status="PASS" start="2025-09-29T19:46:33.105564" elapsed="0.000445"/>
</kw>
<status status="PASS" start="2025-09-29T19:46:00.003858" elapsed="33.102427"/>
</test>
<kw name="AfterSuite" owner="Base" type="TEARDOWN">
<kw name="Close Uni Movil Plus App" owner="AppHelper">
<kw name="Close Application" owner="AppiumLibrary">
<doc>Closes the current application and also close webdriver session.</doc>
<status status="PASS" start="2025-09-29T19:46:33.107921" elapsed="0.487306"/>
</kw>
<status status="PASS" start="2025-09-29T19:46:33.107698" elapsed="0.487667"/>
</kw>
<kw name="Kill Appium Server" owner="AppiumManager">
<msg time="2025-09-29T19:46:38.600829" level="INFO">Stopping Appium Server ..</msg>
<status status="PASS" start="2025-09-29T19:46:33.595550" elapsed="5.005357"/>
</kw>
<arg>GIROS_PAGO_DEVOLUCION</arg>
<status status="PASS" start="2025-09-29T19:46:33.107352" elapsed="5.493618"/>
</kw>
<status status="PASS" start="2025-09-29T19:45:45.972692" elapsed="52.628306"/>
</suite>
<statistics>
<total>
<stat pass="1" fail="0" skip="0">All Tests</stat>
</total>
<tag>
</tag>
<suite>
<stat pass="1" fail="0" skip="0" id="s1" name="Transfer">Transfer</stat>
</suite>
</statistics>
<errors>
</errors>
</robot>
